  board.cpp
C:\Users\sahar\OneDrive\Desktop\Tetris_2.0\Tetris_2.0\board.cpp(145,27): warning C4309: 'argument': truncation of constant value
  computerPlayer.cpp
C:\Users\sahar\OneDrive\Desktop\Tetris_2.0\Tetris_2.0\computerPlayer.cpp(155,37): warning C4309: 'argument': truncation of constant value
C:\Users\sahar\OneDrive\Desktop\Tetris_2.0\Tetris_2.0\computerPlayer.cpp(187,8): warning C4244: 'initializing': conversion from 'double' to 'int', possible loss of data
C:\Users\sahar\OneDrive\Desktop\Tetris_2.0\Tetris_2.0\computerPlayer.cpp(188,8): warning C4244: 'initializing': conversion from 'double' to 'int', possible loss of data
  game.cpp
C:\Users\sahar\OneDrive\Desktop\Tetris_2.0\Tetris_2.0\game.cpp(45,14): warning C4309: 'argument': truncation of constant value
C:\Users\sahar\OneDrive\Desktop\Tetris_2.0\Tetris_2.0\game.cpp(46,14): warning C4309: 'argument': truncation of constant value
C:\Users\sahar\OneDrive\Desktop\Tetris_2.0\Tetris_2.0\game.cpp(78,31): warning C4309: 'argument': truncation of constant value
C:\Users\sahar\OneDrive\Desktop\Tetris_2.0\Tetris_2.0\game.cpp(92,31): warning C4309: 'argument': truncation of constant value
  general.cpp
  humanPlayer.cpp
  main.cpp
C:\Users\sahar\OneDrive\Desktop\Tetris_2.0\Tetris_2.0\main.cpp(18,12): warning C4244: 'argument': conversion from 'time_t' to 'unsigned int', possible loss of data
  player.cpp
C:\Users\sahar\OneDrive\Desktop\Tetris_2.0\Tetris_2.0\player.cpp(34,26): warning C4309: 'argument': truncation of constant value
  point.cpp
  shape.cpp
C:\Users\sahar\OneDrive\Desktop\Tetris_2.0\Tetris_2.0\shape.cpp(159,47): warning C4309: '=': truncation of constant value
  Generating Code...
C:\Users\sahar\OneDrive\Desktop\Tetris_2.0\Tetris_2.0\general.cpp(55): warning C4715: 'getDirection': not all control paths return a value
C:\Users\sahar\OneDrive\Desktop\Tetris_2.0\Tetris_2.0\game.cpp(283): warning C4715: 'getComputerLevel': not all control paths return a value
  Tetris_2.0.vcxproj -> C:\Users\sahar\OneDrive\Desktop\Tetris_2.0\x64\Debug\Tetris_2.0.exe
